\BOOKMARK [2][-]{section*.2}{\376\377\000C\000o\000m\000p\000s\000\040\000L\000e\000m\000m\000a}{}% 1
\BOOKMARK [3][-]{section*.3}{\376\377\000P\000r\000o\000b\000l\000e\000m\000\040\000C\000o\000m\000p\000s\000\040\000L\000e\000m\000m\000a}{section*.2}% 2
\BOOKMARK [2][-]{section*.4}{\376\377\000J\000a\000n\000u\000a\000r\000y\000\040\0002\0000\0002\0005}{}% 3
\BOOKMARK [3][-]{section*.5}{\376\377\000P\000r\000o\000b\000l\000e\000m\000\040\0002\0000\0002\0005\000-\000J\000-\000I\000-\0001\000\040\000\050\000A\000l\000g\000e\000b\000r\000a\000\051}{section*.4}% 4
\BOOKMARK [3][-]{section*.6}{\376\377\000P\000r\000o\000b\000l\000e\000m\000\040\0002\0000\0002\0005\000-\000J\000-\000I\000-\0002\000\040\000\050\000R\000e\000a\000l\000\040\000A\000n\000a\000l\000y\000s\000i\000s\000\051}{section*.4}% 5
\BOOKMARK [3][-]{section*.7}{\376\377\000P\000r\000o\000b\000l\000e\000m\000\040\0002\0000\0002\0005\000-\000J\000-\000I\000-\0003\000\040\000\050\000G\000e\000o\000m\000e\000t\000r\000y\000/\000T\000o\000p\000o\000l\000o\000g\000y\000\051}{section*.4}% 6
\BOOKMARK [3][-]{section*.8}{\376\377\000P\000r\000o\000b\000l\000e\000m\000\040\0002\0000\0002\0005\000-\000J\000-\000I\000I\000-\0003\000\040\000\050\000A\000l\000g\000e\000b\000r\000a\000\051}{section*.4}% 7
\BOOKMARK [3][-]{section*.9}{\376\377\000P\000r\000o\000b\000l\000e\000m\000\040\0002\0000\0002\0005\000-\000J\000-\000I\000I\000-\0004\000\040\000\050\000T\000o\000p\000o\000l\000o\000g\000y\000\051}{section*.4}% 8
\BOOKMARK [3][-]{section*.10}{\376\377\000P\000r\000o\000b\000l\000e\000m\000\040\0002\0000\0002\0005\000-\000J\000-\000I\000I\000-\0005\000\040\000\050\000A\000n\000a\000l\000y\000s\000i\000s\000\051}{section*.4}% 9
\BOOKMARK [2][-]{section*.11}{\376\377\000A\000u\000g\000u\000s\000t\000\040\0002\0000\0002\0005}{}% 10
\BOOKMARK [3][-]{section*.12}{\376\377\000P\000r\000o\000b\000l\000e\000m\000\040\0002\0000\0002\0005\000-\000A\000-\000I\000-\0001\000\040\000\050\000G\000e\000o\000m\000e\000t\000r\000y\000/\000T\000o\000p\000o\000l\000o\000g\000y\000\051}{section*.11}% 11
\BOOKMARK [3][-]{section*.13}{\376\377\000P\000r\000o\000b\000l\000e\000m\000\040\0002\0000\0002\0005\000-\000A\000-\000I\000-\0006\000\040\000\050\000A\000l\000g\000e\000b\000r\000a\000\051}{section*.11}% 12
\BOOKMARK [3][-]{section*.14}{\376\377\000P\000r\000o\000b\000l\000e\000m\000\040\0002\0000\0002\0005\000-\000A\000-\000I\000I\000-\0002\000\040\000\050\000G\000e\000o\000m\000e\000t\000r\000y\000/\000T\000o\000p\000o\000l\000o\000g\000y\000\051}{section*.11}% 13
\BOOKMARK [2][-]{section*.15}{\376\377\000J\000a\000n\000u\000a\000r\000y\000\040\0002\0000\0002\0004}{}% 14
\BOOKMARK [3][-]{section*.16}{\376\377\000P\000r\000o\000b\000l\000e\000m\000\040\0002\0000\0002\0004\000-\000J\000-\000I\000-\0001\000\040\000\050\000A\000l\000g\000e\000b\000r\000a\000\051}{section*.15}% 15
\BOOKMARK [3][-]{section*.17}{\376\377\000P\000r\000o\000b\000l\000e\000m\000\040\0002\0000\0002\0004\000-\000J\000-\000I\000-\0002\000\040\000\050\000G\000e\000o\000m\000e\000t\000r\000y\000/\000T\000o\000p\000o\000l\000o\000g\000y\000\051}{section*.15}% 16
\BOOKMARK [3][-]{section*.18}{\376\377\000P\000r\000o\000b\000l\000e\000m\000\040\0002\0000\0002\0004\000-\000J\000-\000I\000-\0004\000\040\000\050\000A\000l\000g\000e\000b\000r\000a\000\051}{section*.15}% 17
\BOOKMARK [3][-]{section*.19}{\376\377\000P\000r\000o\000b\000l\000e\000m\000\040\0002\0000\0002\0004\000-\000J\000-\000I\000-\0005\000\040\000\050\000G\000e\000o\000m\000e\000t\000r\000y\000/\000T\000o\000p\000o\000l\000o\000g\000y\000\051}{section*.15}% 18
\BOOKMARK [3][-]{section*.20}{\376\377\000P\000r\000o\000b\000l\000e\000m\000\040\0002\0000\0002\0004\000-\000J\000-\000I\000I\000-\0003\000\040\000\050\000G\000e\000o\000m\000e\000t\000r\000y\000/\000T\000o\000p\000o\000l\000o\000g\000y\000\051}{section*.15}% 19
\BOOKMARK [3][-]{section*.21}{\376\377\000P\000r\000o\000b\000l\000e\000m\000\040\0002\0000\0002\0004\000-\000J\000-\000I\000I\000-\0006\000\040\000\050\000G\000e\000o\000m\000e\000t\000r\000y\000/\000T\000o\000p\000o\000l\000o\000g\000y\000\051}{section*.15}% 20
\BOOKMARK [2][-]{section*.22}{\376\377\000A\000u\000g\000u\000s\000t\000\040\0002\0000\0002\0003}{}% 21
\BOOKMARK [3][-]{section*.23}{\376\377\000P\000r\000o\000b\000l\000e\000m\000\040\0002\0000\0002\0003\000-\000A\000-\000I\000I\000-\0001\000\040\000\050\000A\000l\000g\000e\000b\000r\000a\000\051}{section*.22}% 22
\BOOKMARK [2][-]{section*.24}{\376\377\000J\000a\000n\000u\000a\000r\000y\000\040\0002\0000\0002\0003}{}% 23
\BOOKMARK [3][-]{section*.25}{\376\377\000P\000r\000o\000b\000l\000e\000m\000\040\0002\0000\0002\0003\000-\000J\000-\000I\000I\000-\0004\000\040\000\050\000G\000e\000o\000m\000e\000t\000r\000y\000/\000T\000o\000p\000o\000l\000o\000g\000y\000\051}{section*.24}% 24
\BOOKMARK [3][-]{section*.26}{\376\377\000P\000r\000o\000b\000l\000e\000m\000\040\0002\0000\0002\0003\000-\000J\000-\000I\000I\000-\0003\000\040\000\050\000G\000e\000o\000m\000e\000t\000r\000y\000/\000T\000o\000p\000o\000l\000o\000g\000y\000\051}{section*.24}% 25
\BOOKMARK [3][-]{section*.27}{\376\377\000P\000r\000o\000b\000l\000e\000m\000\040\0002\0000\0002\0003\000-\000A\000-\000I\000-\0002\000\040\000\050\000G\000e\000o\000m\000e\000t\000r\000y\000/\000T\000o\000p\000o\000l\000o\000g\000y\000\051}{section*.24}% 26
\BOOKMARK [3][-]{section*.28}{\376\377\000P\000r\000o\000b\000l\000e\000m\000\040\0002\0000\0002\0003\000-\000A\000-\000I\000I\000-\0005\000\040\000\050\000G\000e\000o\000m\000e\000t\000r\000y\000/\000T\000o\000p\000o\000l\000o\000g\000y\000\051}{section*.24}% 27
\BOOKMARK [3][-]{section*.29}{\376\377\000P\000r\000o\000b\000l\000e\000m\000\040\0002\0000\0002\0003\000-\000A\000-\000I\000-\0001\000\040\000\050\000A\000l\000g\000e\000b\000r\000a\000\051}{section*.24}% 28
\BOOKMARK [3][-]{section*.30}{\376\377\000P\000r\000o\000b\000l\000e\000m\000\040\0002\0000\0002\0003\000-\000A\000-\000I\000I\000-\0006\000\040\000\050\000C\000o\000m\000p\000l\000e\000x\000\040\000A\000n\000a\000l\000y\000s\000i\000s\000\051}{section*.24}% 29
