\BOOKMARK [2][-]{section*.2}{\376\377\000A\000n\000a\000l\000y\000s\000i\000s}{}% 1
\BOOKMARK [3][-]{section*.3}{\376\377\000P\000r\000o\000b\000l\000e\000m\000\040\0002\0000\0001\0009\000-\000J\000-\000I\000-\0004}{section*.2}% 2
\BOOKMARK [3][-]{section*.4}{\376\377\000P\000r\000o\000b\000l\000e\000m\000\040\0002\0000\0002\0004\000-\000J\000-\000I\000-\0006}{section*.2}% 3
\BOOKMARK [3][-]{section*.5}{\376\377\000P\000r\000o\000b\000l\000e\000m\000\040\0002\0000\0002\0003\000-\000A\000-\000I\000-\0006}{section*.2}% 4
\BOOKMARK [3][-]{section*.6}{\376\377\000P\000r\000o\000b\000l\000e\000m\000\040\0002\0000\0002\0004\000-\000J\000-\000I\000I\000-\0005}{section*.2}% 5
\BOOKMARK [3][-]{section*.7}{\376\377\000P\000r\000o\000b\000l\000e\000m\000\040\000\050\000S\000t\000e\000i\000n\000h\000a\000u\000s\000'\000\040\000T\000h\000e\000o\000r\000e\000m\000\051}{section*.2}% 6
\BOOKMARK [3][-]{section*.8}{\376\377\000P\000r\000o\000b\000l\000e\000m\000\040\0002\0000\0002\0003\000-\000J\000-\000I\000I\000-\0001}{section*.2}% 7
\BOOKMARK [3][-]{section*.9}{\376\377\000P\000r\000o\000b\000l\000e\000m\000\040\0002\0000\0002\0003\000-\000J\000-\000I\000I\000-\0002}{section*.2}% 8
\BOOKMARK [3][-]{section*.10}{\376\377\000P\000r\000o\000b\000l\000e\000m\000\040\000\050\000F\000o\000l\000l\000a\000n\000d\000\040\0006\000.\0001\000.\0003\000\051}{section*.2}% 9
\BOOKMARK [3][-]{section*.11}{\376\377\000P\000r\000o\000b\000l\000e\000m\000\040\000\050\000F\000o\000l\000l\000a\000n\000d\000\040\0006\000.\0001\000.\0004\000\051}{section*.2}% 10
\BOOKMARK [2][-]{section*.12}{\376\377\000D\000i\000f\000f\000e\000r\000e\000n\000t\000i\000a\000l\000\040\000G\000e\000o\000m\000e\000t\000r\000y}{}% 11
\BOOKMARK [3][-]{section*.13}{\376\377\000P\000r\000o\000b\000l\000e\000m\000\040\0002\0000\0001\0009\000-\000J\000-\000I\000I\000-\0006}{section*.12}% 12
\BOOKMARK [3][-]{section*.14}{\376\377\000P\000r\000o\000b\000l\000e\000m\000\040\0002\0000\0001\0009\000-\000A\000-\000I\000-\0005}{section*.12}% 13
\BOOKMARK [3][-]{section*.15}{\376\377\000P\000r\000o\000b\000l\000e\000m\000\040\0002\0000\0002\0003\000-\000A\000-\000I\000I\000-\0005}{section*.12}% 14
\BOOKMARK [3][-]{section*.16}{\376\377\000P\000r\000o\000b\000l\000e\000m\000\040\0002\0000\0002\0003\000-\000A\000-\000I\000-\0002}{section*.12}% 15
\BOOKMARK [3][-]{section*.17}{\376\377\000P\000r\000o\000b\000l\000e\000m\000\040\0002\0000\0002\0003\000-\000J\000-\000I\000-\0003}{section*.12}% 16
\BOOKMARK [3][-]{section*.18}{\376\377\000P\000r\000o\000b\000l\000e\000m\000\040\0002\0000\0001\0008\000-\000J\000-\000I\000-\0006}{section*.12}% 17
\BOOKMARK [3][-]{section*.19}{\376\377\000P\000r\000o\000b\000l\000e\000m\000\040\0002\0000\0001\0009\000-\000J\000-\0001\0001\000-\0006}{section*.12}% 18
\BOOKMARK [3][-]{section*.20}{\376\377\000P\000r\000o\000b\000l\000e\000m\000\040\0002\0000\0001\0009\000-\000A\000-\000I\000-\0004}{section*.12}% 19
\BOOKMARK [3][-]{section*.21}{\376\377\000P\000r\000o\000b\000l\000e\000m\000\040\0002\0000\0001\0007\000-\000J\000-\000I\000I\000-\0001}{section*.12}% 20
\BOOKMARK [3][-]{section*.22}{\376\377\000P\000r\000o\000b\000l\000e\000m\000\040\0002\0000\0001\0002\000-\000J\000-\000I\000-\0004}{section*.12}% 21
\BOOKMARK [3][-]{section*.23}{\376\377\000P\000r\000o\000b\000l\000e\000m\000\040\0002\0000\0001\0001\000-\000A\000-\000I\000I\000-\0005}{section*.12}% 22
\BOOKMARK [3][-]{section*.24}{\376\377\000P\000r\000o\000b\000l\000e\000m\000\040\0002\0000\0001\0000\000-\000J\000-\000I\000-\0002}{section*.12}% 23
\BOOKMARK [3][-]{section*.25}{\376\377\000P\000r\000o\000b\000l\000e\000m\000\040\0002\0000\0001\0000\000-\000J\000-\000I\000-\0003}{section*.12}% 24
\BOOKMARK [3][-]{section*.26}{\376\377\000P\000r\000o\000b\000l\000e\000m\000\040\0002\0000\0000\0002\000-\000J\000-\000I\000I\000-\0001\000\040\000\050\000C\000o\000m\000p\000s\000\040\000L\000e\000m\000m\000a\000\051}{section*.12}% 25
\BOOKMARK [3][-]{section*.27}{\376\377\000P\000r\000o\000b\000l\000e\000m\000\040\0002\0000\0002\0005\000-\000A\000-\000I\000I\000-\0002}{section*.12}% 26
\BOOKMARK [3][-]{section*.28}{\376\377\000P\000r\000o\000b\000l\000e\000m\000\040\0002\0000\0000\0003\000-\000J\000-\0001\0001\000-\0005}{section*.12}% 27
\BOOKMARK [2][-]{section*.29}{\376\377\000A\000l\000g\000e\000b\000r\000a}{}% 28
\BOOKMARK [3][-]{section*.30}{\376\377\000P\000r\000o\000b\000l\000e\000m\000\040\0002\0000\0001\0009\000-\000J\000-\000I\000-\0001}{section*.29}% 29
\BOOKMARK [3][-]{section*.31}{\376\377\000P\000r\000o\000b\000l\000e\000m\000\040\0002\0000\0002\0004\000-\000J\000-\000I\000-\0004}{section*.29}% 30
\BOOKMARK [3][-]{section*.32}{\376\377\000P\000r\000o\000b\000l\000e\000m\000\040\0002\0000\0002\0000\000-\000J\000-\000I\000-\0001}{section*.29}% 31
\BOOKMARK [3][-]{section*.33}{\376\377\000P\000r\000o\000b\000l\000e\000m\000\040\0002\0000\0001\0008\000-\000J\000-\000I\000I\000-\0005}{section*.29}% 32
\BOOKMARK [3][-]{section*.34}{\376\377\000P\000r\000o\000b\000l\000e\000m\000\040\0002\0000\0001\0006\000-\000J\000-\000I\000-\0001}{section*.29}% 33
\BOOKMARK [3][-]{section*.35}{\376\377\000P\000r\000o\000b\000l\000e\000m\000\040\0002\0000\0001\0007\000-\000J\000-\000I\000I\000-\0006}{section*.29}% 34
\BOOKMARK [3][-]{section*.36}{\376\377\000P\000r\000o\000b\000l\000e\000m\000\040\0002\0000\0001\0003\000-\000J\000-\000I\000-\0002}{section*.29}% 35
\BOOKMARK [3][-]{section*.37}{\376\377\000P\000r\000o\000b\000l\000e\000m\000\040\0002\0000\0001\0002\000-\000J\000-\000I\000-\0006}{section*.29}% 36
\BOOKMARK [3][-]{section*.38}{\376\377\000P\000r\000o\000b\000l\000e\000m\000\040\0002\0000\0000\0009\000-\000J\000-\000I\000-\0005}{section*.29}% 37
\BOOKMARK [3][-]{section*.39}{\376\377\000P\000r\000o\000b\000l\000e\000m\000\040\0002\0000\0000\0007\000-\000J\000-\000I\000-\0003}{section*.29}% 38
