\BOOKMARK [1][-]{section.1}{\376\377\000A\000b\000o\000u\000t}{}% 1
\BOOKMARK [2][-]{subsection.1.1}{\376\377\000O\000r\000g\000a\000n\000i\000z\000a\000t\000i\000o\000n}{section.1}% 2
\BOOKMARK [1][-]{section.2}{\376\377\000D\000i\000f\000f\000e\000r\000e\000n\000t\000i\000a\000l\000\040\000G\000e\000o\000m\000e\000t\000r\000y\000\040\000a\000n\000d\000\040\000T\000o\000p\000o\000l\000o\000g\000y}{}% 3
\BOOKMARK [2][-]{subsection.2.1}{\376\377\000F\000r\000o\000b\000e\000n\000i\000u\000s\000\040\000T\000h\000e\000o\000r\000e\000m}{section.2}% 4
\BOOKMARK [3][-]{section*.2}{\376\377\000P\000r\000o\000b\000l\000e\000m\000\040\0002\0000\0002\0005\000-\000A\000-\000I\000I\000-\0002}{subsection.2.1}% 5
\BOOKMARK [3][-]{section*.3}{\376\377\000P\000r\000o\000b\000l\000e\000m\000\040\0002\0000\0002\0004\000-\000A\000-\000I\000I\000-\0002}{subsection.2.1}% 6
\BOOKMARK [3][-]{section*.4}{\376\377\000P\000r\000o\000b\000l\000e\000m\000\040\0002\0000\0002\0004\000-\000J\000-\000I\000I\000-\0006}{subsection.2.1}% 7
\BOOKMARK [3][-]{section*.5}{\376\377\000P\000r\000o\000b\000l\000e\000m\000\040\0002\0000\0002\0003\000-\000A\000-\000I\000I\000-\0005}{subsection.2.1}% 8
\BOOKMARK [3][-]{section*.6}{\376\377\000P\000r\000o\000b\000l\000e\000m\000\040\0002\0000\0001\0009\000-\000J\000-\000I\000I\000-\0006}{subsection.2.1}% 9
\BOOKMARK [3][-]{section*.7}{\376\377\000P\000r\000o\000b\000l\000e\000m\000\040\0002\0000\0001\0005\000-\000J\000-\000I\000I\000-\0003}{subsection.2.1}% 10
\BOOKMARK [3][-]{section*.8}{\376\377\000P\000r\000o\000b\000l\000e\000m\000\040\0002\0000\0001\0003\000-\000A\000-\000I\000I\000-\0004}{subsection.2.1}% 11
\BOOKMARK [3][-]{section*.9}{\376\377\000P\000r\000o\000b\000l\000e\000m\000\040\0002\0000\0001\0002\000-\000J\000-\000I\000-\0004}{subsection.2.1}% 12
\BOOKMARK [3][-]{section*.10}{\376\377\000P\000r\000o\000b\000l\000e\000m\000\040\0002\0000\0001\0001\000-\000A\000-\000I\000I\000-\0005}{subsection.2.1}% 13
\BOOKMARK [3][-]{section*.11}{\376\377\000P\000r\000o\000b\000l\000e\000m\000\040\0002\0000\0001\0000\000-\000J\000-\000I\000-\0002}{subsection.2.1}% 14
\BOOKMARK [3][-]{section*.12}{\376\377\000P\000r\000o\000b\000l\000e\000m\000\040\0001\0009\0009\0007\000-\000J\000-\000I\000-\0004}{subsection.2.1}% 15
\BOOKMARK [2][-]{subsection.2.2}{\376\377\000S\000t\000o\000k\000e\000s\000'\000\040\000T\000h\000e\000o\000r\000e\000m}{section.2}% 16
\BOOKMARK [3][-]{section*.13}{\376\377\000P\000r\000o\000b\000l\000e\000m\000\040\0002\0000\0002\0005\000-\000J\000-\000I\000-\0003}{subsection.2.2}% 17
\BOOKMARK [3][-]{section*.14}{\376\377\000P\000r\000o\000b\000l\000e\000m\000\040\0002\0000\0002\0003\000-\000J\000-\000I\000I\000-\0003}{subsection.2.2}% 18
\BOOKMARK [3][-]{section*.15}{\376\377\000P\000r\000o\000b\000l\000e\000m\000\040\0002\0000\0001\0006\000-\000J\000-\000I\000-\0005}{subsection.2.2}% 19
\BOOKMARK [3][-]{section*.16}{\376\377\000P\000r\000o\000b\000l\000e\000m\000\040\0002\0000\0000\0009\000-\000J\000-\000I\000I\000-\0003}{subsection.2.2}% 20
\BOOKMARK [3][-]{section*.17}{\376\377\000P\000r\000o\000b\000l\000e\000m\000\040\0002\0000\0000\0004\000-\000J\000-\000I\000I\000-\0001}{subsection.2.2}% 21
\BOOKMARK [3][-]{section*.18}{\376\377\000P\000r\000o\000b\000l\000e\000m\000\040\0002\0000\0000\0002\000-\000J\000-\000I\000-\0006}{subsection.2.2}% 22
\BOOKMARK [3][-]{section*.19}{\376\377\000P\000r\000o\000b\000l\000e\000m\000\040\0001\0009\0009\0009\000-\000A\000-\000I\000-\0004}{subsection.2.2}% 23
\BOOKMARK [3][-]{section*.20}{\376\377\000P\000r\000o\000b\000l\000e\000m\000\040\0001\0009\0009\0008\000-\000J\000-\000I\000-\0005}{subsection.2.2}% 24
\BOOKMARK [2][-]{subsection.2.3}{\376\377\000S\000u\000b\000m\000e\000r\000s\000i\000o\000n\000s\000\040\000a\000n\000d\000\040\000I\000m\000m\000e\000r\000s\000i\000o\000n\000s}{section.2}% 25
\BOOKMARK [3][-]{section*.21}{\376\377\000P\000r\000o\000b\000l\000e\000m\000\040\000C\000o\000m\000p\000s\000\040\000L\000e\000m\000m\000a\000\040\000\050\000S\000u\000b\000m\000e\000r\000s\000i\000o\000n\000\051}{subsection.2.3}% 26
\BOOKMARK [3][-]{section*.22}{\376\377\000P\000r\000o\000b\000l\000e\000m\000\040\000C\000o\000m\000p\000s\000\040\000L\000e\000m\000m\000a\000\040\000\050\000L\000o\000c\000a\000l\000\040\000H\000o\000m\000e\000o\000m\000o\000r\000p\000h\000i\000s\000m\000\051}{subsection.2.3}% 27
\BOOKMARK [3][-]{section*.23}{\376\377\000P\000r\000o\000b\000l\000e\000m\000\040\0002\0000\0002\0005\000-\000J\000-\000I\000I\000-\0004}{subsection.2.3}% 28
\BOOKMARK [3][-]{section*.24}{\376\377\000P\000r\000o\000b\000l\000e\000m\000\040\0002\0000\0002\0004\000-\000A\000-\000I\000-\0005}{subsection.2.3}% 29
\BOOKMARK [3][-]{section*.25}{\376\377\000P\000r\000o\000b\000l\000e\000m\000\040\0002\0000\0002\0004\000-\000A\000-\000I\000I\000-\0001}{subsection.2.3}% 30
\BOOKMARK [3][-]{section*.26}{\376\377\000P\000r\000o\000b\000l\000e\000m\000\040\0002\0000\0002\0003\000-\000A\000-\000I\000-\0002}{subsection.2.3}% 31
\BOOKMARK [3][-]{section*.27}{\376\377\000P\000r\000o\000b\000l\000e\000m\000\040\0002\0000\0002\0003\000-\000A\000-\000I\000-\0005}{subsection.2.3}% 32
\BOOKMARK [3][-]{section*.28}{\376\377\000P\000r\000o\000b\000l\000e\000m\000\040\0002\0000\0001\0009\000-\000A\000-\000I\000-\0004}{subsection.2.3}% 33
\BOOKMARK [3][-]{section*.29}{\376\377\000P\000r\000o\000b\000l\000e\000m\000\040\0002\0000\0001\0007\000-\000A\000-\000I\000-\0001}{subsection.2.3}% 34
\BOOKMARK [3][-]{section*.30}{\376\377\000P\000r\000o\000b\000l\000e\000m\000\040\0002\0000\0001\0007\000-\000J\000-\000I\000-\0001}{subsection.2.3}% 35
\BOOKMARK [3][-]{section*.31}{\376\377\000P\000r\000o\000b\000l\000e\000m\000\040\0002\0000\0001\0005\000-\000A\000-\000I\000I\000-\0003}{subsection.2.3}% 36
\BOOKMARK [3][-]{section*.32}{\376\377\000P\000r\000o\000b\000l\000e\000m\000\040\0002\0000\0001\0001\000-\000J\000-\000I\000-\0003}{subsection.2.3}% 37
\BOOKMARK [3][-]{section*.33}{\376\377\000P\000r\000o\000b\000l\000e\000m\000\040\0002\0000\0001\0000\000-\000J\000-\000I\000-\0003}{subsection.2.3}% 38
\BOOKMARK [3][-]{section*.34}{\376\377\000P\000r\000o\000b\000l\000e\000m\000\040\0002\0000\0000\0002\000-\000A\000-\000I\000-\0001}{subsection.2.3}% 39
\BOOKMARK [3][-]{section*.35}{\376\377\000P\000r\000o\000b\000l\000e\000m\000\040\0002\0000\0000\0002\000-\000J\000-\000I\000I\000-\0001}{subsection.2.3}% 40
\BOOKMARK [2][-]{subsection.2.4}{\376\377\000d\000e\000\040\000R\000h\000a\000m\000\040\000C\000o\000h\000o\000m\000o\000l\000o\000g\000y}{section.2}% 41
\BOOKMARK [3][-]{section*.36}{\376\377\000P\000r\000o\000b\000l\000e\000m\000\040\0002\0000\0002\0006\000-\000J\000-\000I\000I\000-\0006}{subsection.2.4}% 42
\BOOKMARK [3][-]{section*.37}{\376\377\000P\000r\000o\000b\000l\000e\000m\000\040\0002\0000\0002\0006\000-\000J\000-\000I\000I\000-\0006\000\040\000\050\000M\000o\000d\000i\000f\000i\000e\000d\000\051}{subsection.2.4}% 43
\BOOKMARK [3][-]{section*.38}{\376\377\000P\000r\000o\000b\000l\000e\000m\000\040\0002\0000\0002\0004\000-\000A\000-\000I\000-\0001}{subsection.2.4}% 44
\BOOKMARK [3][-]{section*.39}{\376\377\000P\000r\000o\000b\000l\000e\000m\000\040\0002\0000\0002\0004\000-\000J\000-\000I\000-\0005}{subsection.2.4}% 45
\BOOKMARK [3][-]{section*.40}{\376\377\000P\000r\000o\000b\000l\000e\000m\000\040\0002\0000\0002\0001\000-\000A\000-\000I\000I\000-\0001}{subsection.2.4}% 46
\BOOKMARK [3][-]{section*.41}{\376\377\000P\000r\000o\000b\000l\000e\000m\000\040\0002\0000\0002\0000\000-\000J\000-\000I\000I\000-\0002}{subsection.2.4}% 47
\BOOKMARK [3][-]{section*.42}{\376\377\000P\000r\000o\000b\000l\000e\000m\000\040\0002\0000\0001\0009\000-\000A\000-\000I\000I\000-\0004}{subsection.2.4}% 48
\BOOKMARK [3][-]{section*.43}{\376\377\000P\000r\000o\000b\000l\000e\000m\000\040\0002\0000\0001\0009\000-\000J\000-\000I\000-\0003}{subsection.2.4}% 49
\BOOKMARK [3][-]{section*.44}{\376\377\000P\000r\000o\000b\000l\000e\000m\000\040\0002\0000\0001\0005\000-\000J\000-\000I\000-\0005}{subsection.2.4}% 50
\BOOKMARK [3][-]{section*.45}{\376\377\000P\000r\000o\000b\000l\000e\000m\000\040\0002\0000\0001\0003\000-\000A\000-\000I\000I\000-\0006}{subsection.2.4}% 51
\BOOKMARK [3][-]{section*.46}{\376\377\000P\000r\000o\000b\000l\000e\000m\000\040\0002\0000\0001\0003\000-\000J\000-\000I\000I\000-\0006}{subsection.2.4}% 52
\BOOKMARK [3][-]{section*.47}{\376\377\000P\000r\000o\000b\000l\000e\000m\000\040\0002\0000\0000\0002\000-\000J\000-\000I\000I\000-\0005}{subsection.2.4}% 53
\BOOKMARK [3][-]{section*.48}{\376\377\000P\000r\000o\000b\000l\000e\000m\000\040\0001\0009\0009\0007\000-\000A\000-\000I\000-\0005}{subsection.2.4}% 54
\BOOKMARK [3][-]{section*.49}{\376\377\000P\000r\000o\000b\000l\000e\000m\000\040\0002\0000\0000\0001\000-\000A\000-\000I\000I\000-\0003}{subsection.2.4}% 55
\BOOKMARK [3][-]{section*.50}{\376\377\000P\000r\000o\000b\000l\000e\000m\000\040\0002\0000\0000\0007\000-\000A\000-\000I\000I\000-\0003}{subsection.2.4}% 56
\BOOKMARK [2][-]{subsection.2.5}{\376\377\000F\000u\000n\000d\000a\000m\000e\000n\000t\000a\000l\000\040\000G\000r\000o\000u\000p\000s}{section.2}% 57
\BOOKMARK [3][-]{section*.51}{\376\377\000P\000r\000o\000b\000l\000e\000m\000\040\0002\0000\0002\0003\000-\000J\000-\000I\000I\000-\0004}{subsection.2.5}% 58
\BOOKMARK [3][-]{section*.52}{\376\377\000P\000r\000o\000b\000l\000e\000m\000\040\0002\0000\0000\0003\000-\000J\000-\000I\000I\000-\0005}{subsection.2.5}% 59
\BOOKMARK [3][-]{section*.53}{\376\377\000P\000r\000o\000b\000l\000e\000m\000\040\0002\0000\0000\0002\000-\000A\000-\000I\000I\000-\0001}{subsection.2.5}% 60
\BOOKMARK [3][-]{section*.55}{\376\377\000P\000r\000o\000b\000l\000e\000m\000\040\000R\000-\000D\000G\000T\000-\0001}{subsection.2.5}% 61
\BOOKMARK [3][-]{section*.56}{\376\377\000P\000r\000o\000b\000l\000e\000m\000\040\000R\000-\000D\000G\000T\000-\0002}{subsection.2.5}% 62
\BOOKMARK [2][-]{subsection.2.6}{\376\377\000V\000e\000c\000t\000o\000r\000\040\000F\000i\000e\000l\000d\000s}{section.2}% 63
\BOOKMARK [3][-]{section*.58}{\376\377\000P\000r\000o\000b\000l\000e\000m\000\040\0002\0000\0002\0000\000-\000J\000-\000I\000-\0004}{subsection.2.6}% 64
\BOOKMARK [3][-]{section*.59}{\376\377\000P\000r\000o\000b\000l\000e\000m\000\040\0002\0000\0001\0007\000-\000J\000-\000I\000I\000-\0001}{subsection.2.6}% 65
\BOOKMARK [2][-]{subsection.2.7}{\376\377\000C\000o\000v\000e\000r\000i\000n\000g\000\040\000S\000p\000a\000c\000e\000s}{section.2}% 66
\BOOKMARK [3][-]{section*.60}{\376\377\000P\000r\000o\000b\000l\000e\000m\000\040\0002\0000\0002\0002\000-\000J\000-\000I\000-\0002}{subsection.2.7}% 67
\BOOKMARK [3][-]{section*.61}{\376\377\000P\000r\000o\000b\000l\000e\000m\000\040\0002\0000\0002\0001\000-\000A\000-\000I\000-\0006}{subsection.2.7}% 68
\BOOKMARK [3][-]{section*.62}{\376\377\000P\000r\000o\000b\000l\000e\000m\000\040\0002\0000\0001\0006\000-\000J\000-\000I\000-\0002}{subsection.2.7}% 69
\BOOKMARK [3][-]{section*.63}{\376\377\000P\000r\000o\000b\000l\000e\000m\000\040\0002\0000\0001\0003\000-\000J\000-\000I\000I\000-\0005}{subsection.2.7}% 70
\BOOKMARK [3][-]{section*.64}{\376\377\000P\000r\000o\000b\000l\000e\000m\000\040\0002\0000\0001\0003\000-\000J\000-\000I\000I\000-\0005\000\040\000\050\000M\000o\000d\000i\000f\000i\000e\000d\000\051}{subsection.2.7}% 71
\BOOKMARK [3][-]{section*.65}{\376\377\000P\000r\000o\000b\000l\000e\000m\000\040\0002\0000\0001\0000\000-\000A\000-\000I\000I\000-\0004}{subsection.2.7}% 72
\BOOKMARK [3][-]{section*.66}{\376\377\000P\000r\000o\000b\000l\000e\000m\000\040\0002\0000\0000\0004\000-\000A\000-\000I\000-\0005}{subsection.2.7}% 73
\BOOKMARK [1][-]{section.3}{\376\377\000A\000l\000g\000e\000b\000r\000a}{}% 74
\BOOKMARK [2][-]{subsection.3.1}{\376\377\000L\000i\000n\000e\000a\000r\000\040\000A\000l\000g\000e\000b\000r\000a}{section.3}% 75
\BOOKMARK [3][-]{section*.67}{\376\377\000P\000r\000o\000b\000l\000e\000m\000\040\0002\0000\0002\0002\000-\000A\000-\000I\000-\0006}{subsection.3.1}% 76
\BOOKMARK [3][-]{section*.68}{\376\377\000P\000r\000o\000b\000l\000e\000m\000\040\0002\0000\0001\0009\000-\000J\000-\000I\000-\0001}{subsection.3.1}% 77
\BOOKMARK [2][-]{subsection.3.2}{\376\377\000A\000b\000e\000l\000i\000a\000n\000\040\000G\000r\000o\000u\000p\000s}{section.3}% 78
\BOOKMARK [3][-]{section*.69}{\376\377\000P\000r\000o\000b\000l\000e\000m\000\040\0002\0000\0002\0000\000-\000A\000-\000I\000-\0004}{subsection.3.2}% 79
\BOOKMARK [3][-]{section*.70}{\376\377\000P\000r\000o\000b\000l\000e\000m\000\040\0002\0000\0002\0000\000-\000J\000-\000I\000-\0001}{subsection.3.2}% 80
\BOOKMARK [3][-]{section*.71}{\376\377\000P\000r\000o\000b\000l\000e\000m\000\040\0002\0000\0001\0002\000-\000J\000-\000I\000-\0006}{subsection.3.2}% 81
\BOOKMARK [2][-]{subsection.3.3}{\376\377\000R\000i\000n\000g\000\040\000T\000h\000e\000o\000r\000y}{section.3}% 82
\BOOKMARK [3][-]{section*.72}{\376\377\000P\000r\000o\000b\000l\000e\000m\000\040\0002\0000\0002\0005\000-\000J\000-\000I\000-\0001}{subsection.3.3}% 83
\BOOKMARK [2][-]{subsection.3.4}{\376\377\000G\000a\000l\000o\000i\000s\000\040\000T\000h\000e\000o\000r\000y}{section.3}% 84
\BOOKMARK [3][-]{section*.73}{\376\377\000P\000r\000o\000b\000l\000e\000m\000\040\000G\000a\000l\000o\000i\000s\000\040\000L\000e\000m\000m\000a\000\040\000I}{subsection.3.4}% 85
\BOOKMARK [3][-]{section*.74}{\376\377\000P\000r\000o\000b\000l\000e\000m\000\040\0002\0000\0002\0005\000-\000J\000-\000I\000I\000-\0006}{subsection.3.4}% 86
\BOOKMARK [3][-]{section*.75}{\376\377\000P\000r\000o\000b\000l\000e\000m\000\040\0002\0000\0002\0004\000-\000A\000-\000I\000I\000-\0005}{subsection.3.4}% 87
\BOOKMARK [3][-]{section*.76}{\376\377\000P\000r\000o\000b\000l\000e\000m\000\040\0002\0000\0002\0004\000-\000J\000-\000I\000I\000-\0004}{subsection.3.4}% 88
\BOOKMARK [3][-]{section*.77}{\376\377\000P\000r\000o\000b\000l\000e\000m\000\040\0002\0000\0002\0003\000-\000A\000-\000I\000I\000-\0003}{subsection.3.4}% 89
\BOOKMARK [3][-]{section*.78}{\376\377\000P\000r\000o\000b\000l\000e\000m\000\040\0002\0000\0002\0003\000-\000J\000-\000I\000-\0005}{subsection.3.4}% 90
\BOOKMARK [3][-]{section*.79}{\376\377\000P\000r\000o\000b\000l\000e\000m\000\040\0002\0000\0002\0002\000-\000A\000-\000I\000-\0002}{subsection.3.4}% 91
\BOOKMARK [3][-]{section*.80}{\376\377\000P\000r\000o\000b\000l\000e\000m\000\040\0002\0000\0002\0001\000-\000A\000-\000I\000-\0004}{subsection.3.4}% 92
\BOOKMARK [3][-]{section*.81}{\376\377\000P\000r\000o\000b\000l\000e\000m\000\040\0002\0000\0002\0001\000-\000J\000-\000I\000-\0005}{subsection.3.4}% 93
\BOOKMARK [3][-]{section*.82}{\376\377\000P\000r\000o\000b\000l\000e\000m\000\040\0002\0000\0001\0009\000-\000A\000-\000I\000-\0006}{subsection.3.4}% 94
\BOOKMARK [3][-]{section*.83}{\376\377\000P\000r\000o\000b\000l\000e\000m\000\040\0002\0000\0001\0007\000-\000A\000-\000I\000I\000-\0003}{subsection.3.4}% 95
\BOOKMARK [3][-]{section*.84}{\376\377\000P\000r\000o\000b\000l\000e\000m\000\040\0002\0000\0001\0007\000-\000J\000-\000I\000-\0003}{subsection.3.4}% 96
\BOOKMARK [3][-]{section*.85}{\376\377\000P\000r\000o\000b\000l\000e\000m\000\040\0002\0000\0001\0006\000-\000J\000-\000I\000I\000-\0002}{subsection.3.4}% 97
\BOOKMARK [3][-]{section*.86}{\376\377\000P\000r\000o\000b\000l\000e\000m\000\040\0002\0000\0001\0005\000-\000A\000-\000I\000I\000-\0005}{subsection.3.4}% 98
\BOOKMARK [3][-]{section*.87}{\376\377\000P\000r\000o\000b\000l\000e\000m\000\040\0002\0000\0001\0004\000-\000A\000-\000I\000I\000-\0001}{subsection.3.4}% 99
\BOOKMARK [3][-]{section*.88}{\376\377\000P\000r\000o\000b\000l\000e\000m\000\040\0002\0000\0001\0004\000-\000J\000-\000I\000-\0005}{subsection.3.4}% 100
\BOOKMARK [3][-]{section*.89}{\376\377\000P\000r\000o\000b\000l\000e\000m\000\040\0002\0000\0001\0003\000-\000A\000-\000I\000-\0002}{subsection.3.4}% 101
\BOOKMARK [3][-]{section*.90}{\376\377\000P\000r\000o\000b\000l\000e\000m\000\040\0002\0000\0001\0001\000-\000A\000-\000I\000I\000-\0001}{subsection.3.4}% 102
\BOOKMARK [3][-]{section*.91}{\376\377\000P\000r\000o\000b\000l\000e\000m\000\040\0002\0000\0001\0000\000-\000A\000-\000I\000I\000-\0002}{subsection.3.4}% 103
\BOOKMARK [3][-]{section*.92}{\376\377\000P\000r\000o\000b\000l\000e\000m\000\040\0002\0000\0001\0000\000-\000J\000-\000I\000-\0005}{subsection.3.4}% 104
\BOOKMARK [3][-]{section*.93}{\376\377\000P\000r\000o\000b\000l\000e\000m\000\040\0002\0000\0000\0005\000-\000J\000-\000I\000-\0004}{subsection.3.4}% 105
\BOOKMARK [2][-]{subsection.3.5}{\376\377\000S\000y\000l\000o\000w\000'\000s\000\040\000T\000h\000e\000o\000r\000e\000m\000s}{section.3}% 106
\BOOKMARK [3][-]{section*.94}{\376\377\000P\000r\000o\000b\000l\000e\000m\000\040\0002\0000\0002\0002\000-\000J\000-\000I\000-\0003}{subsection.3.5}% 107
\BOOKMARK [3][-]{section*.95}{\376\377\000P\000r\000o\000b\000l\000e\000m\000\040\0002\0000\0002\0002\000-\000A\000-\000I\000I\000-\0004}{subsection.3.5}% 108
\BOOKMARK [3][-]{section*.96}{\376\377\000P\000r\000o\000b\000l\000e\000m\000\040\0002\0000\0001\0008\000-\000J\000-\000I\000I\000-\0005}{subsection.3.5}% 109
\BOOKMARK [3][-]{section*.97}{\376\377\000P\000r\000o\000b\000l\000e\000m\000\040\0002\0000\0001\0007\000-\000J\000-\000I\000I\000-\0006}{subsection.3.5}% 110
\BOOKMARK [3][-]{section*.98}{\376\377\000P\000r\000o\000b\000l\000e\000m\000\040\0002\0000\0001\0006\000-\000J\000-\000I\000-\0001}{subsection.3.5}% 111
\BOOKMARK [3][-]{section*.99}{\376\377\000P\000r\000o\000b\000l\000e\000m\000\040\0002\0000\0001\0003\000-\000J\000-\000I\000-\0002}{subsection.3.5}% 112
\BOOKMARK [3][-]{section*.100}{\376\377\000P\000r\000o\000b\000l\000e\000m\000\040\0002\0000\0000\0009\000-\000J\000-\000I\000-\0005}{subsection.3.5}% 113
\BOOKMARK [3][-]{section*.101}{\376\377\000P\000r\000o\000b\000l\000e\000m\000\040\0002\0000\0000\0006\000-\000A\000-\000I\000I\000-\0005}{subsection.3.5}% 114
\BOOKMARK [3][-]{section*.102}{\376\377\000P\000r\000o\000b\000l\000e\000m\000\040\0002\0000\0000\0001\000-\000J\000-\000I\000-\0003}{subsection.3.5}% 115
\BOOKMARK [3][-]{section*.103}{\376\377\000P\000r\000o\000b\000l\000e\000m\000\040\0001\0009\0009\0009\000-\000A\000-\000I\000-\0001}{subsection.3.5}% 116
\BOOKMARK [3][-]{section*.104}{\376\377\000P\000r\000o\000b\000l\000e\000m\000\040\000D\000\046\000F\000-\0004\000.\0005\000-\0001\0003}{subsection.3.5}% 117
\BOOKMARK [3][-]{section*.105}{\376\377\000P\000r\000o\000b\000l\000e\000m\000\040\000D\000\046\000F\000-\0004\000.\0005\000-\0001\0004}{subsection.3.5}% 118
\BOOKMARK [3][-]{section*.106}{\376\377\000P\000r\000o\000b\000l\000e\000m\000\040\000D\000\046\000F\000-\0004\000.\0005\000-\0001\0005}{subsection.3.5}% 119
\BOOKMARK [3][-]{section*.107}{\376\377\000P\000r\000o\000b\000l\000e\000m\000\040\000D\000\046\000F\000-\0004\000.\0005\000-\0001\0007}{subsection.3.5}% 120
\BOOKMARK [3][-]{section*.108}{\376\377\000P\000r\000o\000b\000l\000e\000m\000\040\000D\000\046\000F\000-\0004\000.\0005\000-\0003\0002}{subsection.3.5}% 121
\BOOKMARK [3][-]{section*.109}{\376\377\000P\000r\000o\000b\000l\000e\000m\000\040\000D\000\046\000F\000-\0004\000.\0005\000-\0003\0003}{subsection.3.5}% 122
\BOOKMARK [3][-]{section*.110}{\376\377\000P\000r\000o\000b\000l\000e\000m\000\040\000D\000\046\000F\000-\0004\000.\0005\000-\0003\0004}{subsection.3.5}% 123
\BOOKMARK [3][-]{section*.111}{\376\377\000P\000r\000o\000b\000l\000e\000m\000\040\000D\000\046\000F\000-\0004\000.\0005\000-\0003\0006}{subsection.3.5}% 124
\BOOKMARK [2][-]{subsection.3.6}{\376\377\000C\000l\000a\000s\000s\000i\000f\000i\000c\000a\000t\000i\000o\000n\000\040\000o\000f\000\040\000G\000r\000o\000u\000p\000s}{section.3}% 125
\BOOKMARK [3][-]{section*.112}{\376\377\000P\000r\000o\000b\000l\000e\000m\000\040\0002\0000\0002\0004\000-\000J\000-\000I}{subsection.3.6}% 126
\BOOKMARK [3][-]{section*.113}{\376\377\000P\000r\000o\000b\000l\000e\000m\000\040\0002\0000\0002\0003\000-\000J\000-\000I\000I\000-\0006}{subsection.3.6}% 127
\BOOKMARK [3][-]{section*.114}{\376\377\000P\000r\000o\000b\000l\000e\000m\000\040\0002\0000\0001\0000\000-\000J\000-\000I\000I\000-\0005}{subsection.3.6}% 128
\BOOKMARK [3][-]{section*.115}{\376\377\000P\000r\000o\000b\000l\000e\000m\000\040\0002\0000\0000\0008\000-\000J\000-\000I\000-\0003}{subsection.3.6}% 129
\BOOKMARK [3][-]{section*.116}{\376\377\000P\000r\000o\000b\000l\000e\000m\000\040\0002\0000\0000\0004\000-\000A\000-\000I\000-\0006}{subsection.3.6}% 130
\BOOKMARK [3][-]{section*.117}{\376\377\000P\000r\000o\000b\000l\000e\000m\000\040\0002\0000\0000\0003\000-\000A\000-\000I\000I\000-\0006}{subsection.3.6}% 131
\BOOKMARK [3][-]{section*.118}{\376\377\000P\000r\000o\000b\000l\000e\000m\000\040\0002\0000\0000\0003\000-\000J\000-\000I\000-\0006}{subsection.3.6}% 132
\BOOKMARK [3][-]{section*.119}{\376\377\000P\000r\000o\000b\000l\000e\000m\000\040\000D\000\046\000F\000-\0005\000.\0002\000-\0001}{subsection.3.6}% 133
\BOOKMARK [2][-]{subsection.3.7}{\376\377\000M\000o\000d\000u\000l\000e\000\040\000T\000h\000e\000o\000r\000y}{section.3}% 134
\BOOKMARK [3][-]{section*.120}{\376\377\000P\000r\000o\000b\000l\000e\000m\000\040\0002\0000\0002\0005\000-\000J\000-\000I\000-\0005}{subsection.3.7}% 135
\BOOKMARK [3][-]{section*.121}{\376\377\000P\000r\000o\000b\000l\000e\000m\000\040\0002\0000\0002\0005\000-\000J\000-\000I\000I\000-\0003\000\040\000\050\000M\000o\000d\000i\000f\000i\000e\000d\000\051\000\040}{subsection.3.7}% 136
\BOOKMARK [3][-]{section*.122}{\376\377\000P\000r\000o\000b\000l\000e\000m\000\040\0002\0000\0002\0005\000-\000J\000-\000I\000I\000-\0003}{subsection.3.7}% 137
\BOOKMARK [3][-]{section*.123}{\376\377\000P\000r\000o\000b\000l\000e\000m\000\040\0002\0000\0002\0001\000-\000A\000-\000I\000-\0005}{subsection.3.7}% 138
\BOOKMARK [3][-]{section*.124}{\376\377\000P\000r\000o\000b\000l\000e\000m\000\040\0002\0000\0000\0005\000-\000J\000-\000I\000I\000-\0004}{subsection.3.7}% 139
\BOOKMARK [3][-]{section*.125}{\376\377\000P\000r\000o\000b\000l\000e\000m\000\040\000D\000\046\000F\000-\0001\0000\000.\0005\000-\0001}{subsection.3.7}% 140
\BOOKMARK [3][-]{section*.126}{\376\377\000P\000r\000o\000b\000l\000e\000m\000\040\000D\000\046\000F\000-\0001\0000\000.\0005\000-\0002}{subsection.3.7}% 141
\BOOKMARK [3][-]{section*.127}{\376\377\000P\000r\000o\000b\000l\000e\000m\000\040\000D\000\046\000F\000-\0001\0000\000.\0005\000-\0003}{subsection.3.7}% 142
\BOOKMARK [3][-]{section*.128}{\376\377\000P\000r\000o\000b\000l\000e\000m\000\040\000D\000\046\000F\000-\0001\0000\000.\0005\000-\0004}{subsection.3.7}% 143
\BOOKMARK [3][-]{section*.129}{\376\377\000P\000r\000o\000b\000l\000e\000m\000\040\000D\000\046\000F\000-\0001\0000\000.\0005\000-\0005}{subsection.3.7}% 144
\BOOKMARK [3][-]{section*.130}{\376\377\000P\000r\000o\000b\000l\000e\000m\000\040\000D\000\046\000F\000-\0001\0000\000.\0005\000-\0006}{subsection.3.7}% 145
\BOOKMARK [3][-]{section*.131}{\376\377\000P\000r\000o\000b\000l\000e\000m\000\040\000D\000\046\000F\000-\0001\0000\000.\0005\000-\0007}{subsection.3.7}% 146
\BOOKMARK [3][-]{section*.132}{\376\377\000P\000r\000o\000b\000l\000e\000m\000\040\000D\000\046\000F\000-\0001\0000\000.\0005\000-\0009}{subsection.3.7}% 147
\BOOKMARK [3][-]{section*.133}{\376\377\000P\000r\000o\000b\000l\000e\000m\000\040\000D\000\046\000F\000-\0001\0000\000.\0005\000-\0001\0000}{subsection.3.7}% 148
\BOOKMARK [3][-]{section*.134}{\376\377\000P\000r\000o\000b\000l\000e\000m\000\040\000D\000\046\000F\000-\0001\0000\000.\0005\000-\0001\0002}{subsection.3.7}% 149
\BOOKMARK [3][-]{section*.135}{\376\377\000P\000r\000o\000b\000l\000e\000m\000\040\000D\000\046\000F\000-\0001\0000\000.\0005\000-\0002\0000}{subsection.3.7}% 150
\BOOKMARK [3][-]{section*.136}{\376\377\000P\000r\000o\000b\000l\000e\000m\000\040\000F\000R\000-\0001\000-\0001}{subsection.3.7}% 151
\BOOKMARK [3][-]{section*.137}{\376\377\000P\000r\000o\000b\000l\000e\000m\000\040\000D\000\046\000F\000-\0001\0007\000.\0001\000-\0006}{subsection.3.7}% 152
\BOOKMARK [3][-]{section*.138}{\376\377\000P\000r\000o\000b\000l\000e\000m\000\040\000D\000\046\000F\000-\0001\0007\000.\0001\000-\0007}{subsection.3.7}% 153
\BOOKMARK [3][-]{section*.139}{\376\377\000P\000r\000o\000b\000l\000e\000m\000\040\000D\000\046\000F\000-\0001\0007\000.\0001\000-\0001\0000}{subsection.3.7}% 154
\BOOKMARK [3][-]{section*.140}{\376\377\000P\000r\000o\000b\000l\000e\000m\000\040\000D\000\046\000F\000-\0001\0007\000.\0001\000-\0001\0002}{subsection.3.7}% 155
\BOOKMARK [3][-]{section*.141}{\376\377\000P\000r\000o\000b\000l\000e\000m\000\040\000D\000\046\000F\000-\0001\0007\000.\0001\000-\0001\0003}{subsection.3.7}% 156
\BOOKMARK [3][-]{section*.142}{\376\377\000P\000r\000o\000b\000l\000e\000m\000\040\000D\000\046\000F\000-\0001\0007\000.\0001\000-\0001\0004}{subsection.3.7}% 157
\BOOKMARK [3][-]{section*.143}{\376\377\000P\000r\000o\000b\000l\000e\000m\000\040\000D\000\046\000F\000-\0001\0007\000.\0001\000-\0001\0006}{subsection.3.7}% 158
\BOOKMARK [3][-]{section*.144}{\376\377\000P\000r\000o\000b\000l\000e\000m\000\040\000D\000\046\000F\000-\0001\0007\000.\0001\000-\0001\0007}{subsection.3.7}% 159
\BOOKMARK [3][-]{section*.145}{\376\377\000P\000r\000o\000b\000l\000e\000m\000\040\000D\000\046\000F\000-\0001\0007\000.\0001\000-\0001\0009}{subsection.3.7}% 160
\BOOKMARK [3][-]{section*.146}{\376\377\000P\000r\000o\000b\000l\000e\000m\000\040\000D\000\046\000F\000-\0001\0007\000.\0001\000-\0002\0001}{subsection.3.7}% 161
\BOOKMARK [3][-]{section*.147}{\376\377\000P\000r\000o\000b\000l\000e\000m\000\040\000D\000\046\000F\000-\0001\0007\000.\0001\000-\0002\0002}{subsection.3.7}% 162
\BOOKMARK [3][-]{section*.148}{\376\377\000P\000r\000o\000b\000l\000e\000m\000\040\000D\000\046\000F\000-\0001\0007\000.\0001\000-\0002\0003}{subsection.3.7}% 163
\BOOKMARK [1][-]{section.4}{\376\377\000R\000e\000a\000l\000\040\000A\000n\000a\000l\000y\000s\000i\000s}{}% 164
\BOOKMARK [2][-]{subsection.4.1}{\376\377\000C\000o\000n\000v\000e\000r\000g\000e\000n\000c\000e\000\040\000o\000f\000\040\000F\000u\000n\000c\000t\000i\000o\000n\000s}{section.4}% 165
\BOOKMARK [3][-]{section*.149}{\376\377\000P\000r\000o\000b\000l\000e\000m\000\040\0002\0000\0002\0006\000-\000J\000-\000I\000I\000-\0002}{subsection.4.1}% 166
\BOOKMARK [3][-]{section*.150}{\376\377\000P\000r\000o\000b\000l\000e\000m\000\040\0002\0000\0002\0005\000-\000J\000-\000I\000-\0002}{subsection.4.1}% 167
\BOOKMARK [3][-]{section*.151}{\376\377\000P\000r\000o\000b\000l\000e\000m\000\040\0002\0000\0000\0004\000-\000A\000-\000I\000I\000-\0001}{subsection.4.1}% 168
\BOOKMARK [3][-]{section*.152}{\376\377\000P\000r\000o\000b\000l\000e\000m\000\040\0002\0000\0002\0001\000-\000J\000-\000I\000I\000-\0002}{subsection.4.1}% 169
\BOOKMARK [3][-]{section*.153}{\376\377\000P\000r\000o\000b\000l\000e\000m\000\040\0002\0000\0001\0009\000-\000A\000-\000I\000-\0003}{subsection.4.1}% 170
\BOOKMARK [3][-]{section*.154}{\376\377\000P\000r\000o\000b\000l\000e\000m\000\040\0002\0000\0001\0005\000-\000J\000-\000I\000I\000-\0005}{subsection.4.1}% 171
\BOOKMARK [2][-]{subsection.4.2}{\376\377\000L\000p\000\040\000S\000p\000a\000c\000e\000s}{section.4}% 172
\BOOKMARK [3][-]{section*.155}{\376\377\000P\000r\000o\000b\000l\000e\000m\000\040\0002\0000\0002\0005\000-\000A\000-\000I\000I\000-\0004}{subsection.4.2}% 173
\BOOKMARK [3][-]{section*.156}{\376\377\000P\000r\000o\000b\000l\000e\000m\000\040\0002\0000\0002\0004\000-\000J\000-\000I\000-\0006}{subsection.4.2}% 174
\BOOKMARK [3][-]{section*.157}{\376\377\000P\000r\000o\000b\000l\000e\000m\000\040\0002\0000\0001\0009\000-\000J\000-\000I\000-\0004}{subsection.4.2}% 175
\BOOKMARK [3][-]{section*.158}{\376\377\000P\000r\000o\000b\000l\000e\000m\000\040\0002\0000\0001\0007\000-\000J\000-\000I\000I\000-\0002}{subsection.4.2}% 176
\BOOKMARK [3][-]{section*.159}{\376\377\000P\000r\000o\000b\000l\000e\000m\000\040\000F\000-\0006\000-\0001\000-\0002}{subsection.4.2}% 177
\BOOKMARK [3][-]{section*.160}{\376\377\000P\000r\000o\000b\000l\000e\000m\000\040\000F\000-\0006\000-\0001\000-\0003}{subsection.4.2}% 178
\BOOKMARK [3][-]{section*.161}{\376\377\000P\000r\000o\000b\000l\000e\000m\000\040\000F\000-\0006\000-\0001\000-\0007}{subsection.4.2}% 179
\BOOKMARK [3][-]{section*.162}{\376\377\000P\000r\000o\000b\000l\000e\000m\000\040\000F\000-\0006\000-\0001\000-\0001\0000}{subsection.4.2}% 180
\BOOKMARK [3][-]{section*.163}{\376\377\000P\000r\000o\000b\000l\000e\000m\000\040\000F\000-\0006\000-\0001\000-\0001\0004}{subsection.4.2}% 181
\BOOKMARK [3][-]{section*.164}{\376\377\000P\000r\000o\000b\000l\000e\000m\000\040\000F\000-\0006\000-\0001\000-\0004}{subsection.4.2}% 182
\BOOKMARK [2][-]{subsection.4.3}{\376\377\000B\000a\000i\000r\000e\000\040\000C\000a\000t\000e\000g\000o\000r\000y\000\040\000T\000h\000e\000o\000r\000e\000m}{section.4}% 183
\BOOKMARK [3][-]{section*.165}{\376\377\000P\000r\000o\000b\000l\000e\000m\000\040\0002\0000\0002\0004\000-\000J\000-\000I\000I\000-\0005}{subsection.4.3}% 184
\BOOKMARK [2][-]{subsection.4.4}{\376\377\000D\000i\000s\000t\000r\000i\000b\000u\000t\000i\000o\000n\000\040\000T\000h\000e\000o\000r\000y}{section.4}% 185
\BOOKMARK [3][-]{section*.166}{\376\377\000P\000r\000o\000b\000l\000e\000m\000\040\000F\000-\0009\000-\0001\000-\0001}{subsection.4.4}% 186
\BOOKMARK [3][-]{section*.167}{\376\377\000P\000r\000o\000b\000l\000e\000m\000\040\000F\000-\0009\000-\0001\000-\0002}{subsection.4.4}% 187
\BOOKMARK [3][-]{section*.168}{\376\377\000P\000r\000o\000b\000l\000e\000m\000\040\000F\000-\0009\000-\0001\000-\0003}{subsection.4.4}% 188
\BOOKMARK [3][-]{section*.169}{\376\377\000P\000r\000o\000b\000l\000e\000m\000\040\000F\000-\0009\000-\0001\000-\0005}{subsection.4.4}% 189
\BOOKMARK [3][-]{section*.170}{\376\377\000P\000r\000o\000b\000l\000e\000m\000\040\000F\000-\0009\000-\0001\000-\0006}{subsection.4.4}% 190
\BOOKMARK [1][-]{section.5}{\376\377\000C\000o\000m\000p\000l\000e\000x\000\040\000A\000n\000a\000l\000y\000s\000i\000s}{}% 191
\BOOKMARK [2][-]{subsection.5.1}{\376\377\000C\000o\000n\000t\000o\000u\000r\000\040\000I\000n\000t\000e\000g\000r\000a\000t\000i\000o\000n\000\040\000a\000n\000d\000\040\000t\000h\000e\000\040\000R\000e\000s\000i\000d\000u\000e\000\040\000T\000h\000e\000o\000r\000e\000m}{section.5}% 192
\BOOKMARK [3][-]{section*.171}{\376\377\000P\000r\000o\000b\000l\000e\000m\000\040\0002\0000\0001\0008\000-\000J\000-\000I\000-\0002}{subsection.5.1}% 193
\BOOKMARK [3][-]{section*.173}{\376\377\000P\000r\000o\000b\000l\000e\000m\000\040\0002\0000\0001\0004\000-\000J\000-\000I\000-\0004}{subsection.5.1}% 194
\BOOKMARK [3][-]{section*.175}{\376\377\000P\000r\000o\000b\000l\000e\000m\000\040\0002\0000\0000\0008\000-\000J\000-\000I\000I\000-\0003}{subsection.5.1}% 195
\BOOKMARK [2][-]{subsection.5.2}{\376\377\000H\000o\000l\000o\000m\000o\000r\000p\000h\000i\000c\000\040\000F\000u\000n\000c\000t\000i\000o\000n\000s}{section.5}% 196
\BOOKMARK [3][-]{section*.177}{\376\377\000P\000r\000o\000b\000l\000e\000m\000\040\0002\0000\0002\0006\000-\000J\000-\000I\000I\000-\0004}{subsection.5.2}% 197
\BOOKMARK [2][-]{subsection.5.3}{\376\377\000R\000o\000u\000c\000h\000\351\000'\000s\000\040\000T\000h\000e\000o\000r\000e\000m}{section.5}% 198
\BOOKMARK [3][-]{section*.178}{\376\377\000P\000r\000o\000b\000l\000e\000m\000\040\0002\0000\0002\0003\000-\000A\000-\000I\000I\000-\0006}{subsection.5.3}% 199
\BOOKMARK [3][-]{section*.179}{\376\377\000P\000r\000o\000b\000l\000e\000m\000\040\0002\0000\0002\0000\000-\000A\000-\000I\000I\000-\0001}{subsection.5.3}% 200
\BOOKMARK [3][-]{section*.180}{\376\377\000P\000r\000o\000b\000l\000e\000m\000\040\0002\0000\0001\0008\000-\000A\000-\000I\000-\0003}{subsection.5.3}% 201
\BOOKMARK [3][-]{section*.181}{\376\377\000P\000r\000o\000b\000l\000e\000m\000\040\0002\0000\0001\0005\000-\000A\000-\000I\000-\0003}{subsection.5.3}% 202
\BOOKMARK [3][-]{section*.182}{\376\377\000P\000r\000o\000b\000l\000e\000m\000\040\0002\0000\0001\0002\000-\000A\000-\000I\000-\0004}{subsection.5.3}% 203
\BOOKMARK [1][-]{section.6}{\376\377\000P\000a\000r\000t\000i\000a\000l\000\040\000D\000i\000f\000f\000e\000r\000e\000n\000t\000i\000a\000l\000\040\000E\000q\000u\000a\000t\000i\000o\000n\000s}{}% 204
\BOOKMARK [2][-]{subsection.6.1}{\376\377\000I\000n\000t\000r\000o\000d\000u\000c\000t\000i\000o\000n}{section.6}% 205
\BOOKMARK [3][-]{section*.183}{\376\377\000P\000r\000o\000b\000l\000e\000m\000\040\000E\000-\0001\000-\0001}{subsection.6.1}% 206
\BOOKMARK [3][-]{section*.186}{\376\377\000P\000r\000o\000b\000l\000e\000m\000\040\000E\000-\0001\000-\0002}{subsection.6.1}% 207
\BOOKMARK [3][-]{section*.187}{\376\377\000P\000r\000o\000b\000l\000e\000m\000\040\000E\000-\0001\000-\0004}{subsection.6.1}% 208
\BOOKMARK [1][-]{section.7}{\376\377\000N\000o\000t\000e\000s}{}% 209
\BOOKMARK [2][-]{subsection.7.1}{\376\377\000D\000i\000f\000f\000e\000r\000e\000n\000t\000i\000a\000l\000\040\000G\000e\000o\000m\000e\000t\000r\000y\000\040\000a\000n\000d\000\040\000T\000o\000p\000o\000l\000o\000g\000y}{section.7}% 210
\BOOKMARK [3][-]{subsubsection.7.1.1}{\376\377\000D\000e\000\040\000R\000h\000a\000m\000\040\000C\000o\000h\000o\000m\000o\000l\000o\000g\000y}{subsection.7.1}% 211
\BOOKMARK [3][-]{section*.188}{\376\377\000P\000r\000o\000b\000l\000e\000m\000\040\000L\000S\000M\000-\0001\0007\000-\0005}{subsection.7.1}% 212
\BOOKMARK [3][-]{section*.189}{\376\377\000P\000r\000o\000b\000l\000e\000m\000\040\000L\000S\000M\000-\0001\0007\000-\0006}{subsection.7.1}% 213
\BOOKMARK [3][-]{section*.190}{\376\377\000P\000r\000o\000b\000l\000e\000m\000\040\000L\000S\000M\000-\0001\0007\000-\0007}{subsection.7.1}% 214
\BOOKMARK [2][-]{subsection.7.2}{\376\377\000P\000a\000r\000t\000i\000a\000l\000\040\000D\000i\000f\000f\000e\000r\000e\000n\000t\000i\000a\000l\000\040\000E\000q\000u\000a\000t\000i\000o\000n\000s}{section.7}% 215
\BOOKMARK [3][-]{subsubsection.7.2.1}{\376\377\000I\000n\000t\000r\000o\000d\000u\000c\000t\000i\000o\000n}{subsection.7.2}% 216
\BOOKMARK [3][-]{subsubsection.7.2.2}{\376\377\000F\000o\000u\000r\000\040\000I\000m\000p\000o\000r\000t\000a\000n\000t\000\040\000L\000i\000n\000e\000a\000r\000\040\000P\000a\000r\000t\000i\000a\000l\000\040\000D\000i\000f\000f\000e\000r\000e\000n\000t\000i\000a\000l\000\040\000E\000q\000u\000a\000t\000i\000o\000n\000s}{subsection.7.2}% 217
\BOOKMARK [3][-]{subsubsection.7.2.3}{\376\377\000S\000o\000b\000o\000l\000e\000v\000\040\000S\000p\000a\000c\000e\000s}{subsection.7.2}% 218
\BOOKMARK [2][-]{subsection.7.3}{\376\377\000S\000e\000m\000i\000d\000i\000r\000e\000c\000t\000\040\000P\000r\000o\000d\000u\000c\000t\000s}{section.7}% 219
\BOOKMARK [2][-]{subsection.7.4}{\376\377\000S\000e\000i\000f\000e\000r\000t\000-\000v\000a\000n\000\040\000K\000a\000m\000p\000e\000n\000\040\000T\000h\000e\000o\000r\000e\000m\000\040\000a\000n\000d\000\040\000F\000u\000n\000d\000a\000m\000e\000n\000t\000a\000l\000\040\000G\000r\000o\000u\000p\000s}{section.7}% 220
